2013-11-25 22:58:12.123 HelloWorld[92923:80b] Multi-tasking -> Device: YES, App: YES
2013-11-25 22:58:12.465 HelloWorld[92923:80b] Resetting plugins due to page load.
2013-11-25 22:58:12.621 HelloWorld[92923:80b] Finished load of: file:///Users/davezorychta/Library/Application%20Support/iPhone%20Simulator/7.0.3/Applications/3E2660EE-114F-46F2-9C7E-9969F92599A7/HelloWorld.app/www/index.html
2013-11-25 23:10:04.900 HelloWorld[94749:80b] Multi-tasking -> Device: YES, App: YES
2013-11-25 23:10:04.989 HelloWorld[94749:80b] Resetting plugins due to page load.
2013-11-25 23:10:05.450 HelloWorld[94749:80b] Finished load of: file:///Users/davezorychta/Library/Application%20Support/iPhone%20Simulator/7.0.3/Applications/3E2660EE-114F-46F2-9C7E-9969F92599A7/HelloWorld.app/www/index.html#/login
2013-11-25 23:10:22.073 HelloWorld[94749:80b] Received memory warning.
2013-11-25 23:11:52.044 HelloWorld[95570:80b] Multi-tasking -> Device: YES, App: YES
2013-11-25 23:11:52.197 HelloWorld[95570:80b] Resetting plugins due to page load.
2013-11-25 23:11:52.559 HelloWorld[95570:80b] Finished load of: file:///Users/davezorychta/Library/Application%20Support/iPhone%20Simulator/7.0.3/Applications/3E2660EE-114F-46F2-9C7E-9969F92599A7/HelloWorld.app/www/index.html#/login
2013-11-25 23:27:15.231 HelloWorld[97155:80b] Multi-tasking -> Device: YES, App: YES
2013-11-25 23:27:15.421 HelloWorld[97155:80b] Resetting plugins due to page load.
2013-11-25 23:27:15.844 HelloWorld[97155:80b] Finished load of: file:///Users/davezorychta/Library/Application%20Support/iPhone%20Simulator/7.0.3/Applications/3E2660EE-114F-46F2-9C7E-9969F92599A7/HelloWorld.app/www/index.html#/login
2013-11-25 23:29:24.420 HelloWorld[97155:80b] Received memory warning.
2013-11-25 23:52:31.499 HelloWorld[99352:80b] Multi-tasking -> Device: YES, App: YES
2013-11-25 23:52:31.685 HelloWorld[99352:80b] Resetting plugins due to page load.
2013-11-25 23:52:32.072 HelloWorld[99352:80b] Finished load of: file:///Users/davezorychta/Library/Application%20Support/iPhone%20Simulator/7.0.3/Applications/3E2660EE-114F-46F2-9C7E-9969F92599A7/HelloWorld.app/www/index.html#/login
2013-11-25 23:52:45.631 HelloWorld[99352:80b] ERROR whitelist rejection: url='http://superiorzoneeducation.com/dalhousie/php/checklogin.php'
2013-11-25 23:52:45.632 HelloWorld[99352:80b] ERROR whitelist rejection: url='http://superiorzoneeducation.com/dalhousie/php/checklogin.php'
2013-11-25 23:52:45.633 HelloWorld[99352:80b] ERROR whitelist rejection: url='http://superiorzoneeducation.com/dalhousie/php/checklogin.php'
2013-11-25 23:54:10.036 HelloWorld[211:80b] Multi-tasking -> Device: YES, App: YES
2013-11-25 23:54:10.277 HelloWorld[211:80b] Resetting plugins due to page load.
2013-11-25 23:54:10.622 HelloWorld[211:80b] Finished load of: file:///Users/davezorychta/Library/Application%20Support/iPhone%20Simulator/7.0.3/Applications/3E2660EE-114F-46F2-9C7E-9969F92599A7/HelloWorld.app/www/index.html#/login
2013-11-25 23:54:23.756 HelloWorld[211:80b] ERROR whitelist rejection: url='http://superiorzoneeducation.com/dalhousie/php/checklogin.php'
2013-11-25 23:54:23.756 HelloWorld[211:80b] ERROR whitelist rejection: url='http://superiorzoneeducation.com/dalhousie/php/checklogin.php'
2013-11-25 23:54:23.757 HelloWorld[211:80b] ERROR whitelist rejection: url='http://superiorzoneeducation.com/dalhousie/php/checklogin.php'
2013-12-03 21:52:00.870 HelloWorld[33316:80b] Multi-tasking -> Device: YES, App: YES
2013-12-03 21:52:01.506 HelloWorld[33316:80b] Resetting plugins due to page load.
2013-12-03 21:52:01.900 HelloWorld[33316:80b] Finished load of: file:///Users/davezorychta/Library/Application%20Support/iPhone%20Simulator/7.0.3/Applications/3E2660EE-114F-46F2-9C7E-9969F92599A7/HelloWorld.app/www/index.html#/login
2013-12-03 21:52:04.209 HelloWorld[33316:4003] ERROR whitelist rejection: url='http://superiorzoneeducation.com/dalhousie/php/checklogin.php'
2013-12-03 21:52:04.209 HelloWorld[33316:4003] ERROR whitelist rejection: url='http://superiorzoneeducation.com/dalhousie/php/checklogin.php'
2013-12-03 21:52:04.210 HelloWorld[33316:4003] ERROR whitelist rejection: url='http://superiorzoneeducation.com/dalhousie/php/checklogin.php'
